<?xml version="1.0" encoding="UTF-8"?>
<testsuite xmlns:xsi="http://www.w3.org/2001/XMLSchema-instance" xsi:noNamespaceSchemaLocation="https://maven.apache.org/surefire/maven-surefire-plugin/xsd/surefire-test-report.xsd" name="TestSuite" time="1.355" tests="4" errors="0" skipped="0" failures="0">
  <properties>
    <property name="sun.desktop" value="windows"/>
    <property name="awt.toolkit" value="sun.awt.windows.WToolkit"/>
    <property name="file.encoding.pkg" value="sun.io"/>
    <property name="java.specification.version" value="1.8"/>
    <property name="sun.cpu.isalist" value="amd64"/>
    <property name="sun.jnu.encoding" value="Cp1252"/>
    <property name="java.class.path" value="C:\Users\veer\workspace\Eclipse WorkSpace\RestApiAutomation\target\test-classes;C:\Users\veer\workspace\Eclipse WorkSpace\RestApiAutomation\target\classes;C:\Users\veer\.m2\repository\com\jayway\restassured\rest-assured\2.9.0\rest-assured-2.9.0.jar;C:\Users\veer\.m2\repository\org\codehaus\groovy\groovy\2.4.4\groovy-2.4.4.jar;C:\Users\veer\.m2\repository\org\codehaus\groovy\groovy-xml\2.4.4\groovy-xml-2.4.4.jar;C:\Users\veer\.m2\repository\org\hamcrest\hamcrest-core\1.3\hamcrest-core-1.3.jar;C:\Users\veer\.m2\repository\org\hamcrest\hamcrest-library\1.3\hamcrest-library-1.3.jar;C:\Users\veer\.m2\repository\org\ccil\cowan\tagsoup\tagsoup\1.2.1\tagsoup-1.2.1.jar;C:\Users\veer\.m2\repository\com\jayway\restassured\xml-path\2.9.0\xml-path-2.9.0.jar;C:\Users\veer\.m2\repository\com\beust\jcommander\1.48\jcommander-1.48.jar;C:\Users\veer\.m2\repository\org\codehaus\groovy\groovy-all\2.4.5\groovy-all-2.4.5.jar;C:\Users\veer\.m2\repository\org\apache\httpcomponents\httpmime\4.3.2\httpmime-4.3.2.jar;C:\Users\veer\.m2\repository\org\apache\commons\commons-lang3\3.4\commons-lang3-3.4.jar;C:\Users\veer\.m2\repository\com\google\code\gson\gson\2.8.1\gson-2.8.1.jar;C:\Users\veer\.m2\repository\com\jayway\restassured\json-path\2.8.0\json-path-2.8.0.jar;C:\Users\veer\.m2\repository\org\codehaus\groovy\groovy-json\2.4.4\groovy-json-2.4.4.jar;C:\Users\veer\.m2\repository\com\jayway\restassured\rest-assured-common\2.8.0\rest-assured-common-2.8.0.jar;C:\Users\veer\.m2\repository\org\apache\httpcomponents\httpcore\4.4.6\httpcore-4.4.6.jar;C:\Users\veer\.m2\repository\org\apache\httpcomponents\httpclient\4.5.3\httpclient-4.5.3.jar;C:\Users\veer\.m2\repository\commons-logging\commons-logging\1.2\commons-logging-1.2.jar;C:\Users\veer\.m2\repository\commons-codec\commons-codec\1.9\commons-codec-1.9.jar;C:\Users\veer\.m2\repository\org\hamcrest\hamcrest-all\1.3\hamcrest-all-1.3.jar;C:\Users\veer\.m2\repository\io\rest-assured\json-schema-validator\3.0.2\json-schema-validator-3.0.2.jar;C:\Users\veer\.m2\repository\com\github\fge\json-schema-validator\2.2.6\json-schema-validator-2.2.6.jar;C:\Users\veer\.m2\repository\com\google\code\findbugs\jsr305\3.0.0\jsr305-3.0.0.jar;C:\Users\veer\.m2\repository\joda-time\joda-time\2.3\joda-time-2.3.jar;C:\Users\veer\.m2\repository\com\googlecode\libphonenumber\libphonenumber\6.2\libphonenumber-6.2.jar;C:\Users\veer\.m2\repository\com\github\fge\json-schema-core\1.2.5\json-schema-core-1.2.5.jar;C:\Users\veer\.m2\repository\com\github\fge\uri-template\0.9\uri-template-0.9.jar;C:\Users\veer\.m2\repository\com\github\fge\msg-simple\1.1\msg-simple-1.1.jar;C:\Users\veer\.m2\repository\com\github\fge\btf\1.2\btf-1.2.jar;C:\Users\veer\.m2\repository\com\google\guava\guava\16.0.1\guava-16.0.1.jar;C:\Users\veer\.m2\repository\com\github\fge\jackson-coreutils\1.8\jackson-coreutils-1.8.jar;C:\Users\veer\.m2\repository\com\fasterxml\jackson\core\jackson-databind\2.2.3\jackson-databind-2.2.3.jar;C:\Users\veer\.m2\repository\com\fasterxml\jackson\core\jackson-annotations\2.2.3\jackson-annotations-2.2.3.jar;C:\Users\veer\.m2\repository\com\fasterxml\jackson\core\jackson-core\2.2.3\jackson-core-2.2.3.jar;C:\Users\veer\.m2\repository\org\mozilla\rhino\1.7R4\rhino-1.7R4.jar;C:\Users\veer\.m2\repository\javax\mail\mailapi\1.4.3\mailapi-1.4.3.jar;C:\Users\veer\.m2\repository\net\sf\jopt-simple\jopt-simple\4.6\jopt-simple-4.6.jar;C:\Users\veer\.m2\repository\org\apache\xmlrpc\xmlrpc-client\3.1\xmlrpc-client-3.1.jar;C:\Users\veer\.m2\repository\org\apache\xmlrpc\xmlrpc-common\3.1\xmlrpc-common-3.1.jar;C:\Users\veer\.m2\repository\org\apache\ws\commons\util\ws-commons-util\1.0.2\ws-commons-util-1.0.2.jar;C:\Users\veer\.m2\repository\ws-commons-util\ws-commons-util\1.0.1\ws-commons-util-1.0.1.jar;C:\Users\veer\.m2\repository\junit\junit\3.8.1\junit-3.8.1.jar;C:\Users\veer\.m2\repository\xml-apis\xml-apis\1.0.b2\xml-apis-1.0.b2.jar;C:\Users\veer\.m2\repository\io\rest-assured\xml-path\3.0.2\xml-path-3.0.2.jar;C:\Users\veer\.m2\repository\io\rest-assured\rest-assured-common\3.0.2\rest-assured-common-3.0.2.jar;C:\Users\veer\.m2\repository\com\testlink\client\testlink-api-client\2.0\testlink-api-client-2.0.jar;C:\Users\veer\.m2\repository\org\testng\testng\6.11\testng-6.11.jar;C:\Users\veer\.m2\repository\org\yaml\snakeyaml\1.17\snakeyaml-1.17.jar;C:\Users\veer\.m2\repository\com\sun\xml\ws\jaxws-rt\2.2.5\jaxws-rt-2.2.5.jar;C:\Users\veer\.m2\repository\javax\xml\ws\jaxws-api\2.2.5\jaxws-api-2.2.5.jar;C:\Users\veer\.m2\repository\javax\xml\bind\jaxb-api\2.2.3\jaxb-api-2.2.3.jar;C:\Users\veer\.m2\repository\javax\xml\soap\saaj-api\1.3.3\saaj-api-1.3.3.jar;C:\Users\veer\.m2\repository\org\glassfish\javax.annotation\3.1.1-b06\javax.annotation-3.1.1-b06.jar;C:\Users\veer\.m2\repository\javax\jws\jsr181-api\1.0-MR1\jsr181-api-1.0-MR1.jar;C:\Users\veer\.m2\repository\com\sun\xml\bind\jaxb-impl\2.2.4-1\jaxb-impl-2.2.4-1.jar;C:\Users\veer\.m2\repository\com\sun\xml\messaging\saaj\saaj-impl\1.3.10\saaj-impl-1.3.10.jar;C:\Users\veer\.m2\repository\com\sun\xml\stream\buffer\streambuffer\1.2\streambuffer-1.2.jar;C:\Users\veer\.m2\repository\org\codehaus\woodstox\woodstox-core-asl\4.1.1\woodstox-core-asl-4.1.1.jar;C:\Users\veer\.m2\repository\javax\xml\stream\stax-api\1.0-2\stax-api-1.0-2.jar;C:\Users\veer\.m2\repository\org\codehaus\woodstox\stax2-api\3.1.1\stax2-api-3.1.1.jar;C:\Users\veer\.m2\repository\org\jvnet\staxex\stax-ex\1.4\stax-ex-1.4.jar;C:\Users\veer\.m2\repository\com\sun\org\apache\xml\internal\resolver\20050927\resolver-20050927.jar;C:\Users\veer\.m2\repository\org\jvnet\mimepull\1.6\mimepull-1.6.jar;C:\Users\veer\.m2\repository\com\sun\xml\ws\policy\2.2.2\policy-2.2.2.jar;C:\Users\veer\.m2\repository\com\sun\xml\txw2\txw2\20090102\txw2-20090102.jar;C:\Users\veer\.m2\repository\com\sun\istack\istack-commons-runtime\2.2.1\istack-commons-runtime-2.2.1.jar;C:\Users\veer\.m2\repository\org\codehaus\woodstox\wstx-asl\3.2.3\wstx-asl-3.2.3.jar;C:\Users\veer\.m2\repository\stax\stax-api\1.0.1\stax-api-1.0.1.jar;C:\Users\veer\.m2\repository\org\glassfish\gmbal\gmbal-api-only\3.1.0-b001\gmbal-api-only-3.1.0-b001.jar;C:\Users\veer\.m2\repository\org\glassfish\external\management-api\3.0.0-b012\management-api-3.0.0-b012.jar;C:\Users\veer\.m2\repository\org\glassfish\ha\ha-api\3.1.8\ha-api-3.1.8.jar;C:\Users\veer\.m2\repository\javax\ws\rs\javax.ws.rs-api\2.1-m09\javax.ws.rs-api-2.1-m09.jar;C:\Users\veer\.m2\repository\javax\mail\mail\1.4.7\mail-1.4.7.jar;C:\Users\veer\.m2\repository\javax\activation\activation\1.1.1\activation-1.1.1.jar;C:\Users\veer\.m2\repository\com\sun\mail\smtp\1.5.6\smtp-1.5.6.jar;C:\Users\veer\.m2\repository\com\relevantcodes\extentreports\2.41.0\extentreports-2.41.0.jar;C:\Users\veer\.m2\repository\org\jsoup\jsoup\1.8.3\jsoup-1.8.3.jar;C:\Users\veer\.m2\repository\org\xerial\sqlite-jdbc\3.8.11.1\sqlite-jdbc-3.8.11.1.jar;C:\Users\veer\.m2\repository\org\freemarker\freemarker\2.3.23\freemarker-2.3.23.jar;C:\Users\veer\.m2\repository\org\mongodb\mongodb-driver\3.0.4\mongodb-driver-3.0.4.jar;C:\Users\veer\.m2\repository\org\mongodb\bson\3.0.4\bson-3.0.4.jar;C:\Users\veer\.m2\repository\org\mongodb\mongodb-driver-core\3.0.4\mongodb-driver-core-3.0.4.jar;C:\Users\veer\.m2\repository\org\apache\maven\surefire\surefire-testng-utils\2.21.0\surefire-testng-utils-2.21.0.jar;C:\Users\veer\.m2\repository\org\apache\maven\surefire\surefire-grouper\2.21.0\surefire-grouper-2.21.0.jar;"/>
    <property name="java.vm.vendor" value="Oracle Corporation"/>
    <property name="sun.arch.data.model" value="64"/>
    <property name="user.variant" value=""/>
    <property name="java.vendor.url" value="http://java.oracle.com/"/>
    <property name="user.timezone" value=""/>
    <property name="java.vm.specification.version" value="1.8"/>
    <property name="os.name" value="Windows 10"/>
    <property name="user.country" value="US"/>
    <property name="sun.java.launcher" value="SUN_STANDARD"/>
    <property name="sun.boot.library.path" value="C:\Program Files\Java\jdk1.8.0_121\jre\bin"/>
    <property name="sun.java.command" value="C:\Users\veer\AppData\Local\Temp\surefire8411010088565508429\surefirebooter2872282704765178162.jar C:\Users\veer\AppData\Local\Temp\surefire8411010088565508429 2018-05-16T17-12-38_250-jvmRun1 surefire6229197721100232050tmp surefire_04268739353684399583tmp"/>
    <property name="surefire.test.class.path" value="C:\Users\veer\workspace\Eclipse WorkSpace\RestApiAutomation\target\test-classes;C:\Users\veer\workspace\Eclipse WorkSpace\RestApiAutomation\target\classes;C:\Users\veer\.m2\repository\com\jayway\restassured\rest-assured\2.9.0\rest-assured-2.9.0.jar;C:\Users\veer\.m2\repository\org\codehaus\groovy\groovy\2.4.4\groovy-2.4.4.jar;C:\Users\veer\.m2\repository\org\codehaus\groovy\groovy-xml\2.4.4\groovy-xml-2.4.4.jar;C:\Users\veer\.m2\repository\org\hamcrest\hamcrest-core\1.3\hamcrest-core-1.3.jar;C:\Users\veer\.m2\repository\org\hamcrest\hamcrest-library\1.3\hamcrest-library-1.3.jar;C:\Users\veer\.m2\repository\org\ccil\cowan\tagsoup\tagsoup\1.2.1\tagsoup-1.2.1.jar;C:\Users\veer\.m2\repository\com\jayway\restassured\xml-path\2.9.0\xml-path-2.9.0.jar;C:\Users\veer\.m2\repository\com\beust\jcommander\1.48\jcommander-1.48.jar;C:\Users\veer\.m2\repository\org\codehaus\groovy\groovy-all\2.4.5\groovy-all-2.4.5.jar;C:\Users\veer\.m2\repository\org\apache\httpcomponents\httpmime\4.3.2\httpmime-4.3.2.jar;C:\Users\veer\.m2\repository\org\apache\commons\commons-lang3\3.4\commons-lang3-3.4.jar;C:\Users\veer\.m2\repository\com\google\code\gson\gson\2.8.1\gson-2.8.1.jar;C:\Users\veer\.m2\repository\com\jayway\restassured\json-path\2.8.0\json-path-2.8.0.jar;C:\Users\veer\.m2\repository\org\codehaus\groovy\groovy-json\2.4.4\groovy-json-2.4.4.jar;C:\Users\veer\.m2\repository\com\jayway\restassured\rest-assured-common\2.8.0\rest-assured-common-2.8.0.jar;C:\Users\veer\.m2\repository\org\apache\httpcomponents\httpcore\4.4.6\httpcore-4.4.6.jar;C:\Users\veer\.m2\repository\org\apache\httpcomponents\httpclient\4.5.3\httpclient-4.5.3.jar;C:\Users\veer\.m2\repository\commons-logging\commons-logging\1.2\commons-logging-1.2.jar;C:\Users\veer\.m2\repository\commons-codec\commons-codec\1.9\commons-codec-1.9.jar;C:\Users\veer\.m2\repository\org\hamcrest\hamcrest-all\1.3\hamcrest-all-1.3.jar;C:\Users\veer\.m2\repository\io\rest-assured\json-schema-validator\3.0.2\json-schema-validator-3.0.2.jar;C:\Users\veer\.m2\repository\com\github\fge\json-schema-validator\2.2.6\json-schema-validator-2.2.6.jar;C:\Users\veer\.m2\repository\com\google\code\findbugs\jsr305\3.0.0\jsr305-3.0.0.jar;C:\Users\veer\.m2\repository\joda-time\joda-time\2.3\joda-time-2.3.jar;C:\Users\veer\.m2\repository\com\googlecode\libphonenumber\libphonenumber\6.2\libphonenumber-6.2.jar;C:\Users\veer\.m2\repository\com\github\fge\json-schema-core\1.2.5\json-schema-core-1.2.5.jar;C:\Users\veer\.m2\repository\com\github\fge\uri-template\0.9\uri-template-0.9.jar;C:\Users\veer\.m2\repository\com\github\fge\msg-simple\1.1\msg-simple-1.1.jar;C:\Users\veer\.m2\repository\com\github\fge\btf\1.2\btf-1.2.jar;C:\Users\veer\.m2\repository\com\google\guava\guava\16.0.1\guava-16.0.1.jar;C:\Users\veer\.m2\repository\com\github\fge\jackson-coreutils\1.8\jackson-coreutils-1.8.jar;C:\Users\veer\.m2\repository\com\fasterxml\jackson\core\jackson-databind\2.2.3\jackson-databind-2.2.3.jar;C:\Users\veer\.m2\repository\com\fasterxml\jackson\core\jackson-annotations\2.2.3\jackson-annotations-2.2.3.jar;C:\Users\veer\.m2\repository\com\fasterxml\jackson\core\jackson-core\2.2.3\jackson-core-2.2.3.jar;C:\Users\veer\.m2\repository\org\mozilla\rhino\1.7R4\rhino-1.7R4.jar;C:\Users\veer\.m2\repository\javax\mail\mailapi\1.4.3\mailapi-1.4.3.jar;C:\Users\veer\.m2\repository\net\sf\jopt-simple\jopt-simple\4.6\jopt-simple-4.6.jar;C:\Users\veer\.m2\repository\org\apache\xmlrpc\xmlrpc-client\3.1\xmlrpc-client-3.1.jar;C:\Users\veer\.m2\repository\org\apache\xmlrpc\xmlrpc-common\3.1\xmlrpc-common-3.1.jar;C:\Users\veer\.m2\repository\org\apache\ws\commons\util\ws-commons-util\1.0.2\ws-commons-util-1.0.2.jar;C:\Users\veer\.m2\repository\ws-commons-util\ws-commons-util\1.0.1\ws-commons-util-1.0.1.jar;C:\Users\veer\.m2\repository\junit\junit\3.8.1\junit-3.8.1.jar;C:\Users\veer\.m2\repository\xml-apis\xml-apis\1.0.b2\xml-apis-1.0.b2.jar;C:\Users\veer\.m2\repository\io\rest-assured\xml-path\3.0.2\xml-path-3.0.2.jar;C:\Users\veer\.m2\repository\io\rest-assured\rest-assured-common\3.0.2\rest-assured-common-3.0.2.jar;C:\Users\veer\.m2\repository\com\testlink\client\testlink-api-client\2.0\testlink-api-client-2.0.jar;C:\Users\veer\.m2\repository\org\testng\testng\6.11\testng-6.11.jar;C:\Users\veer\.m2\repository\org\yaml\snakeyaml\1.17\snakeyaml-1.17.jar;C:\Users\veer\.m2\repository\com\sun\xml\ws\jaxws-rt\2.2.5\jaxws-rt-2.2.5.jar;C:\Users\veer\.m2\repository\javax\xml\ws\jaxws-api\2.2.5\jaxws-api-2.2.5.jar;C:\Users\veer\.m2\repository\javax\xml\bind\jaxb-api\2.2.3\jaxb-api-2.2.3.jar;C:\Users\veer\.m2\repository\javax\xml\soap\saaj-api\1.3.3\saaj-api-1.3.3.jar;C:\Users\veer\.m2\repository\org\glassfish\javax.annotation\3.1.1-b06\javax.annotation-3.1.1-b06.jar;C:\Users\veer\.m2\repository\javax\jws\jsr181-api\1.0-MR1\jsr181-api-1.0-MR1.jar;C:\Users\veer\.m2\repository\com\sun\xml\bind\jaxb-impl\2.2.4-1\jaxb-impl-2.2.4-1.jar;C:\Users\veer\.m2\repository\com\sun\xml\messaging\saaj\saaj-impl\1.3.10\saaj-impl-1.3.10.jar;C:\Users\veer\.m2\repository\com\sun\xml\stream\buffer\streambuffer\1.2\streambuffer-1.2.jar;C:\Users\veer\.m2\repository\org\codehaus\woodstox\woodstox-core-asl\4.1.1\woodstox-core-asl-4.1.1.jar;C:\Users\veer\.m2\repository\javax\xml\stream\stax-api\1.0-2\stax-api-1.0-2.jar;C:\Users\veer\.m2\repository\org\codehaus\woodstox\stax2-api\3.1.1\stax2-api-3.1.1.jar;C:\Users\veer\.m2\repository\org\jvnet\staxex\stax-ex\1.4\stax-ex-1.4.jar;C:\Users\veer\.m2\repository\com\sun\org\apache\xml\internal\resolver\20050927\resolver-20050927.jar;C:\Users\veer\.m2\repository\org\jvnet\mimepull\1.6\mimepull-1.6.jar;C:\Users\veer\.m2\repository\com\sun\xml\ws\policy\2.2.2\policy-2.2.2.jar;C:\Users\veer\.m2\repository\com\sun\xml\txw2\txw2\20090102\txw2-20090102.jar;C:\Users\veer\.m2\repository\com\sun\istack\istack-commons-runtime\2.2.1\istack-commons-runtime-2.2.1.jar;C:\Users\veer\.m2\repository\org\codehaus\woodstox\wstx-asl\3.2.3\wstx-asl-3.2.3.jar;C:\Users\veer\.m2\repository\stax\stax-api\1.0.1\stax-api-1.0.1.jar;C:\Users\veer\.m2\repository\org\glassfish\gmbal\gmbal-api-only\3.1.0-b001\gmbal-api-only-3.1.0-b001.jar;C:\Users\veer\.m2\repository\org\glassfish\external\management-api\3.0.0-b012\management-api-3.0.0-b012.jar;C:\Users\veer\.m2\repository\org\glassfish\ha\ha-api\3.1.8\ha-api-3.1.8.jar;C:\Users\veer\.m2\repository\javax\ws\rs\javax.ws.rs-api\2.1-m09\javax.ws.rs-api-2.1-m09.jar;C:\Users\veer\.m2\repository\javax\mail\mail\1.4.7\mail-1.4.7.jar;C:\Users\veer\.m2\repository\javax\activation\activation\1.1.1\activation-1.1.1.jar;C:\Users\veer\.m2\repository\com\sun\mail\smtp\1.5.6\smtp-1.5.6.jar;C:\Users\veer\.m2\repository\com\relevantcodes\extentreports\2.41.0\extentreports-2.41.0.jar;C:\Users\veer\.m2\repository\org\jsoup\jsoup\1.8.3\jsoup-1.8.3.jar;C:\Users\veer\.m2\repository\org\xerial\sqlite-jdbc\3.8.11.1\sqlite-jdbc-3.8.11.1.jar;C:\Users\veer\.m2\repository\org\freemarker\freemarker\2.3.23\freemarker-2.3.23.jar;C:\Users\veer\.m2\repository\org\mongodb\mongodb-driver\3.0.4\mongodb-driver-3.0.4.jar;C:\Users\veer\.m2\repository\org\mongodb\bson\3.0.4\bson-3.0.4.jar;C:\Users\veer\.m2\repository\org\mongodb\mongodb-driver-core\3.0.4\mongodb-driver-core-3.0.4.jar;C:\Users\veer\.m2\repository\org\apache\maven\surefire\surefire-testng-utils\2.21.0\surefire-testng-utils-2.21.0.jar;C:\Users\veer\.m2\repository\org\apache\maven\surefire\surefire-grouper\2.21.0\surefire-grouper-2.21.0.jar;"/>
    <property name="sun.cpu.endian" value="little"/>
    <property name="user.home" value="C:\Users\veer"/>
    <property name="user.language" value="en"/>
    <property name="java.specification.vendor" value="Oracle Corporation"/>
    <property name="java.home" value="C:\Program Files\Java\jdk1.8.0_121\jre"/>
    <property name="basedir" value="C:\Users\veer\workspace\Eclipse WorkSpace\RestApiAutomation"/>
    <property name="file.separator" value="\"/>
    <property name="line.separator" value="&#10;"/>
    <property name="java.vm.specification.vendor" value="Oracle Corporation"/>
    <property name="java.specification.name" value="Java Platform API Specification"/>
    <property name="java.awt.graphicsenv" value="sun.awt.Win32GraphicsEnvironment"/>
    <property name="surefire.real.class.path" value="C:\Users\veer\AppData\Local\Temp\surefire8411010088565508429\surefirebooter2872282704765178162.jar"/>
    <property name="sun.boot.class.path" value="C:\Program Files\Java\jdk1.8.0_121\jre\lib\resources.jar;C:\Program Files\Java\jdk1.8.0_121\jre\lib\rt.jar;C:\Program Files\Java\jdk1.8.0_121\jre\lib\sunrsasign.jar;C:\Program Files\Java\jdk1.8.0_121\jre\lib\jsse.jar;C:\Program Files\Java\jdk1.8.0_121\jre\lib\jce.jar;C:\Program Files\Java\jdk1.8.0_121\jre\lib\charsets.jar;C:\Program Files\Java\jdk1.8.0_121\jre\lib\jfr.jar;C:\Program Files\Java\jdk1.8.0_121\jre\classes"/>
    <property name="user.script" value=""/>
    <property name="sun.management.compiler" value="HotSpot 64-Bit Tiered Compilers"/>
    <property name="java.runtime.version" value="1.8.0_121-b13"/>
    <property name="user.name" value="veer"/>
    <property name="path.separator" value=";"/>
    <property name="os.version" value="10.0"/>
    <property name="java.endorsed.dirs" value="C:\Program Files\Java\jdk1.8.0_121\jre\lib\endorsed"/>
    <property name="java.runtime.name" value="Java(TM) SE Runtime Environment"/>
    <property name="file.encoding" value="Cp1252"/>
    <property name="java.vm.name" value="Java HotSpot(TM) 64-Bit Server VM"/>
    <property name="localRepository" value="C:\Users\veer\.m2\repository"/>
    <property name="java.vendor.url.bug" value="http://bugreport.sun.com/bugreport/"/>
    <property name="java.io.tmpdir" value="C:\Users\veer\AppData\Local\Temp\"/>
    <property name="java.version" value="1.8.0_121"/>
    <property name="user.dir" value="C:\Users\veer\workspace\Eclipse WorkSpace\RestApiAutomation"/>
    <property name="os.arch" value="amd64"/>
    <property name="java.vm.specification.name" value="Java Virtual Machine Specification"/>
    <property name="java.awt.printerjob" value="sun.awt.windows.WPrinterJob"/>
    <property name="sun.os.patch.level" value=""/>
    <property name="java.library.path" value="C:\Program Files\Java\jdk1.8.0_121\jre\bin;C:\WINDOWS\Sun\Java\bin;C:\WINDOWS\system32;C:\WINDOWS;C:\Program Files (x86)\Intel\iCLS Client\;C:\ProgramData\Oracle\Java\javapath;C:\oraclexe\app\oracle\product\11.2.0\server\bin;C:\Program Files\Intel\iCLS Client\;C:\WINDOWS\system32;C:\WINDOWS;C:\WINDOWS\System32\Wbem;C:\WINDOWS\System32\WindowsPowerShell\v1.0\;C:\Program Files (x86)\Skype\Phone\;C:\WSO2 Tools\wso2esb-5.0.0\bin;C:\Program Files\MySQL\MySQL Utilities 1.6\;C:\WSO2 Tools\wso2ei-6.0.0\bin;C:\maven\apache-maven-3.5.2\bin;C:\Program Files\Amazon\AWSCLI\;C:\Program Files\Git\cmd;C:\Program Files\Java\jdk1.8.0_121\bin;C:\Apache24\bin;C:\Program Files (x86)\Intel\Intel(R) Management Engine Components\DAL;C:\Program Files\Intel\Intel(R) Management Engine Components\DAL;C:\Program Files (x86)\Intel\Intel(R) Management Engine Components\IPT;C:\Program Files\Intel\Intel(R) Management Engine Components\IPT;C:\Program Files\Java\jdk1.8.0_121\bin;%USERPROFILE%\AppData\Local\Microsoft\WindowsApps;;."/>
    <property name="java.vm.info" value="mixed mode"/>
    <property name="java.vendor" value="Oracle Corporation"/>
    <property name="java.vm.version" value="25.121-b13"/>
    <property name="java.ext.dirs" value="C:\Program Files\Java\jdk1.8.0_121\jre\lib\ext;C:\WINDOWS\Sun\Java\lib\ext"/>
    <property name="sun.io.unicode.encoding" value="UnicodeLittle"/>
    <property name="java.class.version" value="52.0"/>
  </properties>
  <testcase name="checkuser1" classname="com.restapi.testng.CheckUserTest" time="0.02"/>
  <testcase name="checkuser2" classname="com.restapi.testng.CheckUserTest" time="0.001"/>
  <testcase name="resenduser1" classname="com.restapi.testng.ResendUserTest" time="0.002"/>
  <testcase name="resenduser2" classname="com.restapi.testng.ResendUserTest" time="0.001"/>
</testsuite>