<?xml version="1.0" encoding="UTF-8"?>
<!-- Generated by org.testng.reporters.JUnitReportReporter -->
<testsuite skipped="0" hostname="LAPTOP-OVN6GGSU" name="com.restapi.testng.ResendUserTest" tests="2" failures="0" timestamp="16 May 2018 09:15:18 GMT" time="0.015" errors="0">
  <testcase name="resenduser2" time="0.011" classname="com.restapi.testng.ResendUserTest"/>
  <testcase name="resenduser1" time="0.004" classname="com.restapi.testng.ResendUserTest"/>
</testsuite> <!-- com.restapi.testng.ResendUserTest -->
