<?xml version="1.0" encoding="UTF-8"?>
<!-- Generated by org.testng.reporters.JUnitReportReporter -->
<testsuite skipped="0" hostname="LAPTOP-OVN6GGSU" name="com.restapi.testng.CheckUserTest" tests="2" failures="0" timestamp="16 May 2018 09:15:18 GMT" time="0.039" errors="0">
  <testcase name="checkuser1" time="0.034" classname="com.restapi.testng.CheckUserTest"/>
  <testcase name="checkuser2" time="0.005" classname="com.restapi.testng.CheckUserTest"/>
</testsuite> <!-- com.restapi.testng.CheckUserTest -->
