<?xml version="1.0" encoding="UTF-8"?>
<!-- Generated by org.testng.reporters.JUnitReportReporter -->
<testsuite skipped="0" hostname="LAPTOP-OVN6GGSU" name="com.restapi.testng.ConfirmUserTest" tests="2" failures="0" timestamp="16 May 2018 09:15:18 GMT" time="0.016" errors="0">
  <testcase name="confirmuser1" time="0.007" classname="com.restapi.testng.ConfirmUserTest"/>
  <testcase name="confirmuser2" time="0.009" classname="com.restapi.testng.ConfirmUserTest"/>
</testsuite> <!-- com.restapi.testng.ConfirmUserTest -->
