<?xml version="1.0" encoding="UTF-8"?>
<!-- Generated by org.testng.reporters.JUnitReportReporter -->
<testsuite skipped="0" hostname="LAPTOP-OVN6GGSU" name="com.restapi.testng.CheckUserTest" tests="2" failures="0" timestamp="16 May 2018 11:42:54 GMT" time="0.018" errors="0">
  <testcase name="checkuser1" time="0.017" classname="com.restapi.testng.CheckUserTest"/>
  <testcase name="checkuser2" time="0.001" classname="com.restapi.testng.CheckUserTest"/>
</testsuite> <!-- com.restapi.testng.CheckUserTest -->
